
[2024-11-17T16:36:07.269Z] INSTALL
Version: 0.1.0
Node: v18.20.3
Command: npm install

Dependencies:
simplymaid@0.1.0 /home/project
+-- @hookform/resolvers@3.9.1
+-- @radix-ui/react-accordion@1.2.1
+-- @radix-ui/react-alert-dialog@1.1.2
+-- @radix-ui/react-aspect-ratio@1.1.0
+-- @radix-ui/react-avatar@1.1.1
+-- @radix-ui/react-checkbox@1.1.2
+-- @radix-ui/react-collapsible@1.1.1
+-- @radix-ui/react-context-menu@2.2.2
+-- @radix-ui/react-dialog@1.1.2
+-- @radix-ui/react-dropdown-menu@2.1.2
+-- @radix-ui/react-hover-card@1.1.2
+-- @radix-ui/react-label@2.1.0
+-- @radix-ui/react-menubar@1.1.2
+-- @radix-ui/react-navigation-menu@1.2.1
+-- @radix-ui/react-popover@1.1.2
+-- @radix-ui/react-progress@1.1.0
+-- @radix-ui/react-radio-group@1.2.1
+-- @radix-ui/react-scroll-area@1.2.1
+-- @radix-ui/react-select@2.1.2
+-- @radix-ui/react-separator@1.1.0
+-- @radix-ui/react-slider@1.2.1
+-- @radix-ui/react-slot@1.1.0
+-- @radix-ui/react-switch@1.1.1
+-- @radix-ui/react-tabs@1.1.1
+-- @radix-ui/react-toast@1.2.2
+-- @radix-ui/react-toggle@1.1.0
+-- @radix-ui/react-tooltip@1.1.4
+-- @supabase/auth-helpers-nextjs@0.8.7
+-- @supabase/ssr@0.0.10
+-- @supabase/supabase-js@2.46.1
+-- @types/diff@5.2.3
+-- @types/node@20.17.6
+-- @types/pg@8.11.10
+-- @types/react-dom@18.3.1
+-- @types/react@18.3.12
+-- @uiw/react-md-editor@4.0.4
+-- autoprefixer@10.4.20
+-- axios@1.7.7
+-- class-variance-authority@0.7.0
+-- clsx@2.1.1
+-- diff@5.2.0
+-- dotenv@16.4.5
+-- drizzle-kit@0.20.18
+-- drizzle-orm@0.29.5
+-- eslint-config-next@14.0.3
+-- eslint@8.57.1
+-- lucide-react@0.292.0
+-- next-themes@0.2.1
+-- next@14.0.3
+-- pg@8.13.1
+-- postcss@8.4.49
+-- postgres@3.4.5
+-- react-dom@18.2.0
+-- react-hook-form@7.53.2
+-- react@18.2.0
+-- tailwind-merge@2.5.4
+-- tailwindcss-animate@1.0.7
+-- tailwindcss@3.4.15
+-- tsx@4.19.2
+-- typescript@5.2.2
`-- zod@3.23.8


================================================================================

[2024-11-17T16:36:10.167Z] DEV
Version: 0.1.0
Node: v18.20.3
Command: npm run dev

Dependencies:
simplymaid@0.1.0 /home/project
+-- @hookform/resolvers@3.9.1
+-- @radix-ui/react-accordion@1.2.1
+-- @radix-ui/react-alert-dialog@1.1.2
+-- @radix-ui/react-aspect-ratio@1.1.0
+-- @radix-ui/react-avatar@1.1.1
+-- @radix-ui/react-checkbox@1.1.2
+-- @radix-ui/react-collapsible@1.1.1
+-- @radix-ui/react-context-menu@2.2.2
+-- @radix-ui/react-dialog@1.1.2
+-- @radix-ui/react-dropdown-menu@2.1.2
+-- @radix-ui/react-hover-card@1.1.2
+-- @radix-ui/react-label@2.1.0
+-- @radix-ui/react-menubar@1.1.2
+-- @radix-ui/react-navigation-menu@1.2.1
+-- @radix-ui/react-popover@1.1.2
+-- @radix-ui/react-progress@1.1.0
+-- @radix-ui/react-radio-group@1.2.1
+-- @radix-ui/react-scroll-area@1.2.1
+-- @radix-ui/react-select@2.1.2
+-- @radix-ui/react-separator@1.1.0
+-- @radix-ui/react-slider@1.2.1
+-- @radix-ui/react-slot@1.1.0
+-- @radix-ui/react-switch@1.1.1
+-- @radix-ui/react-tabs@1.1.1
+-- @radix-ui/react-toast@1.2.2
+-- @radix-ui/react-toggle@1.1.0
+-- @radix-ui/react-tooltip@1.1.4
+-- @supabase/auth-helpers-nextjs@0.8.7
+-- @supabase/ssr@0.0.10
+-- @supabase/supabase-js@2.46.1
+-- @types/diff@5.2.3
+-- @types/node@20.17.6
+-- @types/pg@8.11.10
+-- @types/react-dom@18.3.1
+-- @types/react@18.3.12
+-- @uiw/react-md-editor@4.0.4
+-- autoprefixer@10.4.20
+-- axios@1.7.7
+-- class-variance-authority@0.7.0
+-- clsx@2.1.1
+-- diff@5.2.0
+-- dotenv@16.4.5
+-- drizzle-kit@0.20.18
+-- drizzle-orm@0.29.5
+-- eslint-config-next@14.0.3
+-- eslint@8.57.1
+-- lucide-react@0.292.0
+-- next-themes@0.2.1
+-- next@14.0.3
+-- pg@8.13.1
+-- postcss@8.4.49
+-- postgres@3.4.5
+-- react-dom@18.2.0
+-- react-hook-form@7.53.2
+-- react@18.2.0
+-- tailwind-merge@2.5.4
+-- tailwindcss-animate@1.0.7
+-- tailwindcss@3.4.15
+-- tsx@4.19.2
+-- typescript@5.2.2
`-- zod@3.23.8


================================================================================

[2024-11-17T16:37:45.176Z] INSTALL
Version: 0.1.0
Node: v18.20.3
Command: npm install

Dependencies:
simplymaid@0.1.0 /home/project
+-- @babel/core@7.26.0
+-- @babel/preset-env@7.26.0
+-- @babel/preset-react@7.25.9
+-- @babel/preset-typescript@7.26.0
+-- @hookform/resolvers@3.9.1
+-- @radix-ui/react-accordion@1.2.1
+-- @radix-ui/react-alert-dialog@1.1.2
+-- @radix-ui/react-aspect-ratio@1.1.0
+-- @radix-ui/react-avatar@1.1.1
+-- @radix-ui/react-checkbox@1.1.2
+-- @radix-ui/react-collapsible@1.1.1
+-- @radix-ui/react-context-menu@2.2.2
+-- @radix-ui/react-dialog@1.1.2
+-- @radix-ui/react-dropdown-menu@2.1.2
+-- @radix-ui/react-hover-card@1.1.2
+-- @radix-ui/react-label@2.1.0
+-- @radix-ui/react-menubar@1.1.2
+-- @radix-ui/react-navigation-menu@1.2.1
+-- @radix-ui/react-popover@1.1.2
+-- @radix-ui/react-progress@1.1.0
+-- @radix-ui/react-radio-group@1.2.1
+-- @radix-ui/react-scroll-area@1.2.1
+-- @radix-ui/react-select@2.1.2
+-- @radix-ui/react-separator@1.1.0
+-- @radix-ui/react-slider@1.2.1
+-- @radix-ui/react-slot@1.1.0
+-- @radix-ui/react-switch@1.1.1
+-- @radix-ui/react-tabs@1.1.1
+-- @radix-ui/react-toast@1.2.2
+-- @radix-ui/react-toggle@1.1.0
+-- @radix-ui/react-tooltip@1.1.4
+-- @supabase/auth-helpers-nextjs@0.8.7
+-- @supabase/ssr@0.0.10
+-- @supabase/supabase-js@2.46.1
+-- @types/diff@5.2.3
+-- @types/node@20.17.6
+-- @types/pg@8.11.10
+-- @types/react-dom@18.3.1
+-- @types/react@18.3.12
+-- @uiw/react-md-editor@4.0.4
+-- autoprefixer@10.4.20
+-- axios@1.7.7
+-- babel-loader@9.2.1
+-- class-variance-authority@0.7.0
+-- clsx@2.1.1
+-- diff@5.2.0
+-- dotenv@16.4.5
+-- drizzle-kit@0.20.18
+-- drizzle-orm@0.29.5
+-- eslint-config-next@14.0.3
+-- eslint@8.57.1
+-- lucide-react@0.292.0
+-- next-themes@0.2.1
+-- next@14.0.3
+-- pg@8.13.1
+-- postcss@8.4.49
+-- postgres@3.4.5
+-- react-dom@18.2.0
+-- react-hook-form@7.53.2
+-- react@18.2.0
+-- tailwind-merge@2.5.4
+-- tailwindcss-animate@1.0.7
+-- tailwindcss@3.4.15
+-- tsx@4.19.2
+-- typescript@5.2.2
`-- zod@3.23.8


================================================================================

[2024-11-17T16:37:48.010Z] DEV
Version: 0.1.0
Node: v18.20.3
Command: npm run dev

Dependencies:
simplymaid@0.1.0 /home/project
+-- @babel/core@7.26.0
+-- @babel/preset-env@7.26.0
+-- @babel/preset-react@7.25.9
+-- @babel/preset-typescript@7.26.0
+-- @hookform/resolvers@3.9.1
+-- @radix-ui/react-accordion@1.2.1
+-- @radix-ui/react-alert-dialog@1.1.2
+-- @radix-ui/react-aspect-ratio@1.1.0
+-- @radix-ui/react-avatar@1.1.1
+-- @radix-ui/react-checkbox@1.1.2
+-- @radix-ui/react-collapsible@1.1.1
+-- @radix-ui/react-context-menu@2.2.2
+-- @radix-ui/react-dialog@1.1.2
+-- @radix-ui/react-dropdown-menu@2.1.2
+-- @radix-ui/react-hover-card@1.1.2
+-- @radix-ui/react-label@2.1.0
+-- @radix-ui/react-menubar@1.1.2
+-- @radix-ui/react-navigation-menu@1.2.1
+-- @radix-ui/react-popover@1.1.2
+-- @radix-ui/react-progress@1.1.0
+-- @radix-ui/react-radio-group@1.2.1
+-- @radix-ui/react-scroll-area@1.2.1
+-- @radix-ui/react-select@2.1.2
+-- @radix-ui/react-separator@1.1.0
+-- @radix-ui/react-slider@1.2.1
+-- @radix-ui/react-slot@1.1.0
+-- @radix-ui/react-switch@1.1.1
+-- @radix-ui/react-tabs@1.1.1
+-- @radix-ui/react-toast@1.2.2
+-- @radix-ui/react-toggle@1.1.0
+-- @radix-ui/react-tooltip@1.1.4
+-- @supabase/auth-helpers-nextjs@0.8.7
+-- @supabase/ssr@0.0.10
+-- @supabase/supabase-js@2.46.1
+-- @types/diff@5.2.3
+-- @types/node@20.17.6
+-- @types/pg@8.11.10
+-- @types/react-dom@18.3.1
+-- @types/react@18.3.12
+-- @uiw/react-md-editor@4.0.4
+-- autoprefixer@10.4.20
+-- axios@1.7.7
+-- babel-loader@9.2.1
+-- class-variance-authority@0.7.0
+-- clsx@2.1.1
+-- diff@5.2.0
+-- dotenv@16.4.5
+-- drizzle-kit@0.20.18
+-- drizzle-orm@0.29.5
+-- eslint-config-next@14.0.3
+-- eslint@8.57.1
+-- lucide-react@0.292.0
+-- next-themes@0.2.1
+-- next@14.0.3
+-- pg@8.13.1
+-- postcss@8.4.49
+-- postgres@3.4.5
+-- react-dom@18.2.0
+-- react-hook-form@7.53.2
+-- react@18.2.0
+-- tailwind-merge@2.5.4
+-- tailwindcss-animate@1.0.7
+-- tailwindcss@3.4.15
+-- tsx@4.19.2
+-- typescript@5.2.2
`-- zod@3.23.8


================================================================================

[2024-11-17T16:38:32.366Z] INSTALL
Version: 0.1.0
Node: v18.20.3
Command: npm install

Dependencies:
simplymaid@0.1.0 /home/project
+-- @babel/core@7.26.0
+-- @babel/preset-env@7.26.0
+-- @babel/preset-react@7.25.9
+-- @babel/preset-typescript@7.26.0
+-- @hookform/resolvers@3.9.1
+-- @radix-ui/react-accordion@1.2.1
+-- @radix-ui/react-alert-dialog@1.1.2
+-- @radix-ui/react-aspect-ratio@1.1.0
+-- @radix-ui/react-avatar@1.1.1
+-- @radix-ui/react-checkbox@1.1.2
+-- @radix-ui/react-collapsible@1.1.1
+-- @radix-ui/react-context-menu@2.2.2
+-- @radix-ui/react-dialog@1.1.2
+-- @radix-ui/react-dropdown-menu@2.1.2
+-- @radix-ui/react-hover-card@1.1.2
+-- @radix-ui/react-label@2.1.0
+-- @radix-ui/react-menubar@1.1.2
+-- @radix-ui/react-navigation-menu@1.2.1
+-- @radix-ui/react-popover@1.1.2
+-- @radix-ui/react-progress@1.1.0
+-- @radix-ui/react-radio-group@1.2.1
+-- @radix-ui/react-scroll-area@1.2.1
+-- @radix-ui/react-select@2.1.2
+-- @radix-ui/react-separator@1.1.0
+-- @radix-ui/react-slider@1.2.1
+-- @radix-ui/react-slot@1.1.0
+-- @radix-ui/react-switch@1.1.1
+-- @radix-ui/react-tabs@1.1.1
+-- @radix-ui/react-toast@1.2.2
+-- @radix-ui/react-toggle@1.1.0
+-- @radix-ui/react-tooltip@1.1.4
+-- @supabase/auth-helpers-nextjs@0.8.7
+-- @supabase/ssr@0.0.10
+-- @supabase/supabase-js@2.46.1
+-- @types/diff@5.2.3
+-- @types/node@20.17.6
+-- @types/pg@8.11.10
+-- @types/react-dom@18.3.1
+-- @types/react@18.3.12
+-- @uiw/react-md-editor@4.0.4
+-- autoprefixer@10.4.20
+-- axios@1.7.7
+-- babel-loader@9.2.1
+-- class-variance-authority@0.7.0
+-- clsx@2.1.1
+-- diff@5.2.0
+-- dotenv@16.4.5
+-- drizzle-kit@0.20.18
+-- drizzle-orm@0.29.5
+-- eslint-config-next@14.0.3
+-- eslint@8.57.1
+-- lucide-react@0.292.0
+-- next-themes@0.2.1
+-- next@14.0.3
+-- pg@8.13.1
+-- postcss@8.4.49
+-- postgres@3.4.5
+-- react-dom@18.2.0
+-- react-hook-form@7.53.2
+-- react@18.2.0
+-- tailwind-merge@2.5.4
+-- tailwindcss-animate@1.0.7
+-- tailwindcss@3.4.15
+-- tsx@4.19.2
+-- typescript@5.2.2
`-- zod@3.23.8


================================================================================

[2024-11-17T16:38:34.941Z] INSTALL
Version: 0.1.0
Node: v18.20.3
Command: npm install

Dependencies:
simplymaid@0.1.0 /home/project
+-- @babel/core@7.26.0
+-- @babel/preset-env@7.26.0
+-- @babel/preset-react@7.25.9
+-- @babel/preset-typescript@7.26.0
+-- @hookform/resolvers@3.9.1
+-- @radix-ui/react-accordion@1.2.1
+-- @radix-ui/react-alert-dialog@1.1.2
+-- @radix-ui/react-aspect-ratio@1.1.0
+-- @radix-ui/react-avatar@1.1.1
+-- @radix-ui/react-checkbox@1.1.2
+-- @radix-ui/react-collapsible@1.1.1
+-- @radix-ui/react-context-menu@2.2.2
+-- @radix-ui/react-dialog@1.1.2
+-- @radix-ui/react-dropdown-menu@2.1.2
+-- @radix-ui/react-hover-card@1.1.2
+-- @radix-ui/react-label@2.1.0
+-- @radix-ui/react-menubar@1.1.2
+-- @radix-ui/react-navigation-menu@1.2.1
+-- @radix-ui/react-popover@1.1.2
+-- @radix-ui/react-progress@1.1.0
+-- @radix-ui/react-radio-group@1.2.1
+-- @radix-ui/react-scroll-area@1.2.1
+-- @radix-ui/react-select@2.1.2
+-- @radix-ui/react-separator@1.1.0
+-- @radix-ui/react-slider@1.2.1
+-- @radix-ui/react-slot@1.1.0
+-- @radix-ui/react-switch@1.1.1
+-- @radix-ui/react-tabs@1.1.1
+-- @radix-ui/react-toast@1.2.2
+-- @radix-ui/react-toggle@1.1.0
+-- @radix-ui/react-tooltip@1.1.4
+-- @supabase/auth-helpers-nextjs@0.8.7
+-- @supabase/ssr@0.0.10
+-- @supabase/supabase-js@2.46.1
+-- @types/diff@5.2.3
+-- @types/node@20.17.6
+-- @types/pg@8.11.10
+-- @types/react-dom@18.3.1
+-- @types/react@18.3.12
+-- @uiw/react-md-editor@4.0.4
+-- autoprefixer@10.4.20
+-- axios@1.7.7
+-- babel-loader@9.2.1
+-- class-variance-authority@0.7.0
+-- clsx@2.1.1
+-- diff@5.2.0
+-- dotenv@16.4.5
+-- drizzle-kit@0.20.18
+-- drizzle-orm@0.29.5
+-- eslint-config-next@14.0.3
+-- eslint@8.57.1
+-- lucide-react@0.292.0
+-- next-themes@0.2.1
+-- next@14.0.3
+-- pg@8.13.1
+-- postcss@8.4.49
+-- postgres@3.4.5
+-- react-dom@18.2.0
+-- react-hook-form@7.53.2
+-- react@18.2.0
+-- tailwind-merge@2.5.4
+-- tailwindcss-animate@1.0.7
+-- tailwindcss@3.4.15
+-- tsx@4.19.2
+-- typescript@5.2.2
`-- zod@3.23.8


================================================================================

[2024-11-17T16:39:12.966Z] INSTALL
Version: 0.1.0
Node: v18.20.3
Command: npm install

Dependencies:
simplymaid@0.1.0 /home/project
+-- @babel/core@7.26.0
+-- @babel/preset-env@7.26.0
+-- @babel/preset-react@7.25.9
+-- @babel/preset-typescript@7.26.0
+-- @hookform/resolvers@3.9.1
+-- @radix-ui/react-accordion@1.2.1
+-- @radix-ui/react-alert-dialog@1.1.2
+-- @radix-ui/react-aspect-ratio@1.1.0
+-- @radix-ui/react-avatar@1.1.1
+-- @radix-ui/react-checkbox@1.1.2
+-- @radix-ui/react-collapsible@1.1.1
+-- @radix-ui/react-context-menu@2.2.2
+-- @radix-ui/react-dialog@1.1.2
+-- @radix-ui/react-dropdown-menu@2.1.2
+-- @radix-ui/react-hover-card@1.1.2
+-- @radix-ui/react-label@2.1.0
+-- @radix-ui/react-menubar@1.1.2
+-- @radix-ui/react-navigation-menu@1.2.1
+-- @radix-ui/react-popover@1.1.2
+-- @radix-ui/react-progress@1.1.0
+-- @radix-ui/react-radio-group@1.2.1
+-- @radix-ui/react-scroll-area@1.2.1
+-- @radix-ui/react-select@2.1.2
+-- @radix-ui/react-separator@1.1.0
+-- @radix-ui/react-slider@1.2.1
+-- @radix-ui/react-slot@1.1.0
+-- @radix-ui/react-switch@1.1.1
+-- @radix-ui/react-tabs@1.1.1
+-- @radix-ui/react-toast@1.2.2
+-- @radix-ui/react-toggle@1.1.0
+-- @radix-ui/react-tooltip@1.1.4
+-- @supabase/auth-helpers-nextjs@0.8.7
+-- @supabase/ssr@0.0.10
+-- @supabase/supabase-js@2.46.1
+-- @types/diff@5.2.3
+-- @types/node@20.17.6
+-- @types/pg@8.11.10
+-- @types/react-dom@18.3.1
+-- @types/react@18.3.12
+-- @uiw/react-md-editor@4.0.4
+-- autoprefixer@10.4.20
+-- axios@1.7.7
+-- babel-loader@9.2.1
+-- class-variance-authority@0.7.0
+-- clsx@2.1.1
+-- diff@5.2.0
+-- dotenv@16.4.5
+-- drizzle-kit@0.20.18
+-- drizzle-orm@0.29.5
+-- eslint-config-next@14.0.3
+-- eslint@8.57.1
+-- lucide-react@0.292.0
+-- next-themes@0.2.1
+-- next@14.0.3
+-- pg@8.13.1
+-- postcss@8.4.49
+-- postgres@3.4.5
+-- react-dom@18.2.0
+-- react-hook-form@7.53.2
+-- react@18.2.0
+-- tailwind-merge@2.5.4
+-- tailwindcss-animate@1.0.7
+-- tailwindcss@3.4.15
+-- tsx@4.19.2
+-- typescript@5.6.3
`-- zod@3.23.8


================================================================================

[2024-11-17T16:39:15.463Z] INSTALL
Version: 0.1.0
Node: v18.20.3
Command: npm install

Dependencies:
simplymaid@0.1.0 /home/project
+-- @babel/core@7.26.0
+-- @babel/preset-env@7.26.0
+-- @babel/preset-react@7.25.9
+-- @babel/preset-typescript@7.26.0
+-- @hookform/resolvers@3.9.1
+-- @radix-ui/react-accordion@1.2.1
+-- @radix-ui/react-alert-dialog@1.1.2
+-- @radix-ui/react-aspect-ratio@1.1.0
+-- @radix-ui/react-avatar@1.1.1
+-- @radix-ui/react-checkbox@1.1.2
+-- @radix-ui/react-collapsible@1.1.1
+-- @radix-ui/react-context-menu@2.2.2
+-- @radix-ui/react-dialog@1.1.2
+-- @radix-ui/react-dropdown-menu@2.1.2
+-- @radix-ui/react-hover-card@1.1.2
+-- @radix-ui/react-label@2.1.0
+-- @radix-ui/react-menubar@1.1.2
+-- @radix-ui/react-navigation-menu@1.2.1
+-- @radix-ui/react-popover@1.1.2
+-- @radix-ui/react-progress@1.1.0
+-- @radix-ui/react-radio-group@1.2.1
+-- @radix-ui/react-scroll-area@1.2.1
+-- @radix-ui/react-select@2.1.2
+-- @radix-ui/react-separator@1.1.0
+-- @radix-ui/react-slider@1.2.1
+-- @radix-ui/react-slot@1.1.0
+-- @radix-ui/react-switch@1.1.1
+-- @radix-ui/react-tabs@1.1.1
+-- @radix-ui/react-toast@1.2.2
+-- @radix-ui/react-toggle@1.1.0
+-- @radix-ui/react-tooltip@1.1.4
+-- @supabase/auth-helpers-nextjs@0.8.7
+-- @supabase/ssr@0.0.10
+-- @supabase/supabase-js@2.46.1
+-- @types/diff@5.2.3
+-- @types/node@20.17.6
+-- @types/pg@8.11.10
+-- @types/react-dom@18.3.1
+-- @types/react@18.3.12
+-- @uiw/react-md-editor@4.0.4
+-- autoprefixer@10.4.20
+-- axios@1.7.7
+-- babel-loader@9.2.1
+-- class-variance-authority@0.7.0
+-- clsx@2.1.1
+-- diff@5.2.0
+-- dotenv@16.4.5
+-- drizzle-kit@0.20.18
+-- drizzle-orm@0.29.5
+-- eslint-config-next@14.0.3
+-- eslint@8.57.1
+-- lucide-react@0.292.0
+-- next-themes@0.2.1
+-- next@14.0.3
+-- pg@8.13.1
+-- postcss@8.4.49
+-- postgres@3.4.5
+-- react-dom@18.2.0
+-- react-hook-form@7.53.2
+-- react@18.2.0
+-- tailwind-merge@2.5.4
+-- tailwindcss-animate@1.0.7
+-- tailwindcss@3.4.15
+-- tsx@4.19.2
+-- typescript@5.6.3
`-- zod@3.23.8


================================================================================

[2024-11-17T16:39:18.009Z] DEV
Version: 0.1.0
Node: v18.20.3
Command: npm run dev

Dependencies:
simplymaid@0.1.0 /home/project
+-- @babel/core@7.26.0
+-- @babel/preset-env@7.26.0
+-- @babel/preset-react@7.25.9
+-- @babel/preset-typescript@7.26.0
+-- @hookform/resolvers@3.9.1
+-- @radix-ui/react-accordion@1.2.1
+-- @radix-ui/react-alert-dialog@1.1.2
+-- @radix-ui/react-aspect-ratio@1.1.0
+-- @radix-ui/react-avatar@1.1.1
+-- @radix-ui/react-checkbox@1.1.2
+-- @radix-ui/react-collapsible@1.1.1
+-- @radix-ui/react-context-menu@2.2.2
+-- @radix-ui/react-dialog@1.1.2
+-- @radix-ui/react-dropdown-menu@2.1.2
+-- @radix-ui/react-hover-card@1.1.2
+-- @radix-ui/react-label@2.1.0
+-- @radix-ui/react-menubar@1.1.2
+-- @radix-ui/react-navigation-menu@1.2.1
+-- @radix-ui/react-popover@1.1.2
+-- @radix-ui/react-progress@1.1.0
+-- @radix-ui/react-radio-group@1.2.1
+-- @radix-ui/react-scroll-area@1.2.1
+-- @radix-ui/react-select@2.1.2
+-- @radix-ui/react-separator@1.1.0
+-- @radix-ui/react-slider@1.2.1
+-- @radix-ui/react-slot@1.1.0
+-- @radix-ui/react-switch@1.1.1
+-- @radix-ui/react-tabs@1.1.1
+-- @radix-ui/react-toast@1.2.2
+-- @radix-ui/react-toggle@1.1.0
+-- @radix-ui/react-tooltip@1.1.4
+-- @supabase/auth-helpers-nextjs@0.8.7
+-- @supabase/ssr@0.0.10
+-- @supabase/supabase-js@2.46.1
+-- @types/diff@5.2.3
+-- @types/node@20.17.6
+-- @types/pg@8.11.10
+-- @types/react-dom@18.3.1
+-- @types/react@18.3.12
+-- @uiw/react-md-editor@4.0.4
+-- autoprefixer@10.4.20
+-- axios@1.7.7
+-- babel-loader@9.2.1
+-- class-variance-authority@0.7.0
+-- clsx@2.1.1
+-- diff@5.2.0
+-- dotenv@16.4.5
+-- drizzle-kit@0.20.18
+-- drizzle-orm@0.29.5
+-- eslint-config-next@14.0.3
+-- eslint@8.57.1
+-- lucide-react@0.292.0
+-- next-themes@0.2.1
+-- next@14.0.3
+-- pg@8.13.1
+-- postcss@8.4.49
+-- postgres@3.4.5
+-- react-dom@18.2.0
+-- react-hook-form@7.53.2
+-- react@18.2.0
+-- tailwind-merge@2.5.4
+-- tailwindcss-animate@1.0.7
+-- tailwindcss@3.4.15
+-- tsx@4.19.2
+-- typescript@5.6.3
`-- zod@3.23.8


================================================================================

[2024-11-17T16:40:30.401Z] INSTALL
Version: 0.1.0
Node: v18.20.3
Command: npm install

Dependencies:
simplymaid@0.1.0 /home/project
+-- @babel/core@7.26.0
+-- @babel/preset-env@7.26.0
+-- @babel/preset-react@7.25.9
+-- @babel/preset-typescript@7.26.0
+-- @hookform/resolvers@3.9.1
+-- @radix-ui/react-accordion@1.2.1
+-- @radix-ui/react-alert-dialog@1.1.2
+-- @radix-ui/react-aspect-ratio@1.1.0
+-- @radix-ui/react-avatar@1.1.1
+-- @radix-ui/react-checkbox@1.1.2
+-- @radix-ui/react-collapsible@1.1.1
+-- @radix-ui/react-context-menu@2.2.2
+-- @radix-ui/react-dialog@1.1.2
+-- @radix-ui/react-dropdown-menu@2.1.2
+-- @radix-ui/react-hover-card@1.1.2
+-- @radix-ui/react-label@2.1.0
+-- @radix-ui/react-menubar@1.1.2
+-- @radix-ui/react-navigation-menu@1.2.1
+-- @radix-ui/react-popover@1.1.2
+-- @radix-ui/react-progress@1.1.0
+-- @radix-ui/react-radio-group@1.2.1
+-- @radix-ui/react-scroll-area@1.2.1
+-- @radix-ui/react-select@2.1.2
+-- @radix-ui/react-separator@1.1.0
+-- @radix-ui/react-slider@1.2.1
+-- @radix-ui/react-slot@1.1.0
+-- @radix-ui/react-switch@1.1.1
+-- @radix-ui/react-tabs@1.1.1
+-- @radix-ui/react-toast@1.2.2
+-- @radix-ui/react-toggle@1.1.0
+-- @radix-ui/react-tooltip@1.1.4
+-- @supabase/auth-helpers-nextjs@0.8.7
+-- @supabase/ssr@0.0.10
+-- @supabase/supabase-js@2.46.1
+-- @types/diff@5.2.3
+-- @types/node@20.17.6
+-- @types/pg@8.11.10
+-- @types/react-dom@18.3.1
+-- @types/react@18.3.12
+-- @uiw/react-md-editor@4.0.4
+-- autoprefixer@10.4.20
+-- axios@1.7.7
+-- babel-loader@9.2.1
+-- babel-plugin-direct-import@1.0.0
+-- babel-plugin-transform-remove-console@6.9.4
+-- class-variance-authority@0.7.0
+-- clsx@2.1.1
+-- core-js@3.39.0
+-- diff@5.2.0
+-- dotenv@16.4.5
+-- drizzle-kit@0.20.18
+-- drizzle-orm@0.29.5
+-- eslint-config-next@14.0.3
+-- eslint@8.57.1
+-- lucide-react@0.292.0
+-- next-themes@0.2.1
+-- next@14.0.3
+-- pg@8.13.1
+-- postcss@8.4.49
+-- postgres@3.4.5
+-- react-dom@18.2.0
+-- react-hook-form@7.53.2
+-- react@18.2.0
+-- tailwind-merge@2.5.4
+-- tailwindcss-animate@1.0.7
+-- tailwindcss@3.4.15
+-- tsx@4.19.2
+-- typescript@5.6.3
`-- zod@3.23.8


================================================================================

[2024-11-17T16:40:32.888Z] INSTALL
Version: 0.1.0
Node: v18.20.3
Command: npm install

Dependencies:
simplymaid@0.1.0 /home/project
+-- @babel/core@7.26.0
+-- @babel/preset-env@7.26.0
+-- @babel/preset-react@7.25.9
+-- @babel/preset-typescript@7.26.0
+-- @hookform/resolvers@3.9.1
+-- @radix-ui/react-accordion@1.2.1
+-- @radix-ui/react-alert-dialog@1.1.2
+-- @radix-ui/react-aspect-ratio@1.1.0
+-- @radix-ui/react-avatar@1.1.1
+-- @radix-ui/react-checkbox@1.1.2
+-- @radix-ui/react-collapsible@1.1.1
+-- @radix-ui/react-context-menu@2.2.2
+-- @radix-ui/react-dialog@1.1.2
+-- @radix-ui/react-dropdown-menu@2.1.2
+-- @radix-ui/react-hover-card@1.1.2
+-- @radix-ui/react-label@2.1.0
+-- @radix-ui/react-menubar@1.1.2
+-- @radix-ui/react-navigation-menu@1.2.1
+-- @radix-ui/react-popover@1.1.2
+-- @radix-ui/react-progress@1.1.0
+-- @radix-ui/react-radio-group@1.2.1
+-- @radix-ui/react-scroll-area@1.2.1
+-- @radix-ui/react-select@2.1.2
+-- @radix-ui/react-separator@1.1.0
+-- @radix-ui/react-slider@1.2.1
+-- @radix-ui/react-slot@1.1.0
+-- @radix-ui/react-switch@1.1.1
+-- @radix-ui/react-tabs@1.1.1
+-- @radix-ui/react-toast@1.2.2
+-- @radix-ui/react-toggle@1.1.0
+-- @radix-ui/react-tooltip@1.1.4
+-- @supabase/auth-helpers-nextjs@0.8.7
+-- @supabase/ssr@0.0.10
+-- @supabase/supabase-js@2.46.1
+-- @types/diff@5.2.3
+-- @types/node@20.17.6
+-- @types/pg@8.11.10
+-- @types/react-dom@18.3.1
+-- @types/react@18.3.12
+-- @uiw/react-md-editor@4.0.4
+-- autoprefixer@10.4.20
+-- axios@1.7.7
+-- babel-loader@9.2.1
+-- babel-plugin-direct-import@1.0.0
+-- babel-plugin-transform-remove-console@6.9.4
+-- class-variance-authority@0.7.0
+-- clsx@2.1.1
+-- core-js@3.39.0
+-- diff@5.2.0
+-- dotenv@16.4.5
+-- drizzle-kit@0.20.18
+-- drizzle-orm@0.29.5
+-- eslint-config-next@14.0.3
+-- eslint@8.57.1
+-- lucide-react@0.292.0
+-- next-themes@0.2.1
+-- next@14.0.3
+-- pg@8.13.1
+-- postcss@8.4.49
+-- postgres@3.4.5
+-- react-dom@18.2.0
+-- react-hook-form@7.53.2
+-- react@18.2.0
+-- tailwind-merge@2.5.4
+-- tailwindcss-animate@1.0.7
+-- tailwindcss@3.4.15
+-- tsx@4.19.2
+-- typescript@5.6.3
`-- zod@3.23.8


================================================================================

[2024-11-17T16:40:50.483Z] INSTALL
Version: 0.1.0
Node: v18.20.3
Command: npm install

Dependencies:
simplymaid@0.1.0 /home/project
+-- @babel/core@7.26.0
+-- @babel/preset-env@7.26.0
+-- @babel/preset-react@7.25.9
+-- @babel/preset-typescript@7.26.0
+-- @hookform/resolvers@3.9.1
+-- @radix-ui/react-accordion@1.2.1
+-- @radix-ui/react-alert-dialog@1.1.2
+-- @radix-ui/react-aspect-ratio@1.1.0
+-- @radix-ui/react-avatar@1.1.1
+-- @radix-ui/react-checkbox@1.1.2
+-- @radix-ui/react-collapsible@1.1.1
+-- @radix-ui/react-context-menu@2.2.2
+-- @radix-ui/react-dialog@1.1.2
+-- @radix-ui/react-dropdown-menu@2.1.2
+-- @radix-ui/react-hover-card@1.1.2
+-- @radix-ui/react-label@2.1.0
+-- @radix-ui/react-menubar@1.1.2
+-- @radix-ui/react-navigation-menu@1.2.1
+-- @radix-ui/react-popover@1.1.2
+-- @radix-ui/react-progress@1.1.0
+-- @radix-ui/react-radio-group@1.2.1
+-- @radix-ui/react-scroll-area@1.2.1
+-- @radix-ui/react-select@2.1.2
+-- @radix-ui/react-separator@1.1.0
+-- @radix-ui/react-slider@1.2.1
+-- @radix-ui/react-slot@1.1.0
+-- @radix-ui/react-switch@1.1.1
+-- @radix-ui/react-tabs@1.1.1
+-- @radix-ui/react-toast@1.2.2
+-- @radix-ui/react-toggle@1.1.0
+-- @radix-ui/react-tooltip@1.1.4
+-- @supabase/auth-helpers-nextjs@0.8.7
+-- @supabase/ssr@0.0.10
+-- @supabase/supabase-js@2.46.1
+-- @types/diff@5.2.3
+-- @types/node@20.17.6
+-- @types/pg@8.11.10
+-- @types/react-dom@18.3.1
+-- @types/react@18.3.12
+-- @uiw/react-md-editor@4.0.4
+-- autoprefixer@10.4.20
+-- axios@1.7.7
+-- babel-loader@9.2.1
+-- babel-plugin-direct-import@1.0.0
+-- babel-plugin-transform-remove-console@6.9.4
+-- class-variance-authority@0.7.0
+-- clsx@2.1.1
+-- core-js@3.39.0
+-- diff@5.2.0
+-- dotenv@16.4.5
+-- drizzle-kit@0.20.18
+-- drizzle-orm@0.29.5
+-- eslint-config-next@14.0.3
+-- eslint@8.57.1
+-- lucide-react@0.292.0
+-- next-themes@0.2.1
+-- next@14.0.3
+-- pg@8.13.1
+-- postcss@8.4.49
+-- postgres@3.4.5
+-- react-dom@18.2.0
+-- react-hook-form@7.53.2
+-- react@18.2.0
+-- tailwind-merge@2.5.4
+-- tailwindcss-animate@1.0.7
+-- tailwindcss@3.4.15
+-- tsx@4.19.2
+-- typescript@5.6.3
`-- zod@3.23.8


================================================================================

[2024-11-17T16:40:52.753Z] INSTALL
Version: 0.1.0
Node: v18.20.3
Command: npm install

Dependencies:
simplymaid@0.1.0 /home/project
+-- @babel/core@7.26.0
+-- @babel/preset-env@7.26.0
+-- @babel/preset-react@7.25.9
+-- @babel/preset-typescript@7.26.0
+-- @hookform/resolvers@3.9.1
+-- @radix-ui/react-accordion@1.2.1
+-- @radix-ui/react-alert-dialog@1.1.2
+-- @radix-ui/react-aspect-ratio@1.1.0
+-- @radix-ui/react-avatar@1.1.1
+-- @radix-ui/react-checkbox@1.1.2
+-- @radix-ui/react-collapsible@1.1.1
+-- @radix-ui/react-context-menu@2.2.2
+-- @radix-ui/react-dialog@1.1.2
+-- @radix-ui/react-dropdown-menu@2.1.2
+-- @radix-ui/react-hover-card@1.1.2
+-- @radix-ui/react-label@2.1.0
+-- @radix-ui/react-menubar@1.1.2
+-- @radix-ui/react-navigation-menu@1.2.1
+-- @radix-ui/react-popover@1.1.2
+-- @radix-ui/react-progress@1.1.0
+-- @radix-ui/react-radio-group@1.2.1
+-- @radix-ui/react-scroll-area@1.2.1
+-- @radix-ui/react-select@2.1.2
+-- @radix-ui/react-separator@1.1.0
+-- @radix-ui/react-slider@1.2.1
+-- @radix-ui/react-slot@1.1.0
+-- @radix-ui/react-switch@1.1.1
+-- @radix-ui/react-tabs@1.1.1
+-- @radix-ui/react-toast@1.2.2
+-- @radix-ui/react-toggle@1.1.0
+-- @radix-ui/react-tooltip@1.1.4
+-- @supabase/auth-helpers-nextjs@0.8.7
+-- @supabase/ssr@0.0.10
+-- @supabase/supabase-js@2.46.1
+-- @types/diff@5.2.3
+-- @types/node@20.17.6
+-- @types/pg@8.11.10
+-- @types/react-dom@18.3.1
+-- @types/react@18.3.12
+-- @uiw/react-md-editor@4.0.4
+-- autoprefixer@10.4.20
+-- axios@1.7.7
+-- babel-loader@9.2.1
+-- babel-plugin-direct-import@1.0.0
+-- babel-plugin-transform-remove-console@6.9.4
+-- class-variance-authority@0.7.0
+-- clsx@2.1.1
+-- core-js@3.39.0
+-- diff@5.2.0
+-- dotenv@16.4.5
+-- drizzle-kit@0.20.18
+-- drizzle-orm@0.29.5
+-- eslint-config-next@14.0.3
+-- eslint@8.57.1
+-- lucide-react@0.292.0
+-- next-themes@0.2.1
+-- next@14.0.3
+-- pg@8.13.1
+-- postcss@8.4.49
+-- postgres@3.4.5
+-- react-dom@18.2.0
+-- react-hook-form@7.53.2
+-- react@18.2.0
+-- tailwind-merge@2.5.4
+-- tailwindcss-animate@1.0.7
+-- tailwindcss@3.4.15
+-- tsx@4.19.2
+-- typescript@5.6.3
`-- zod@3.23.8


================================================================================

[2024-11-17T16:40:55.155Z] DEV
Version: 0.1.0
Node: v18.20.3
Command: npm run dev

Dependencies:
simplymaid@0.1.0 /home/project
+-- @babel/core@7.26.0
+-- @babel/preset-env@7.26.0
+-- @babel/preset-react@7.25.9
+-- @babel/preset-typescript@7.26.0
+-- @hookform/resolvers@3.9.1
+-- @radix-ui/react-accordion@1.2.1
+-- @radix-ui/react-alert-dialog@1.1.2
+-- @radix-ui/react-aspect-ratio@1.1.0
+-- @radix-ui/react-avatar@1.1.1
+-- @radix-ui/react-checkbox@1.1.2
+-- @radix-ui/react-collapsible@1.1.1
+-- @radix-ui/react-context-menu@2.2.2
+-- @radix-ui/react-dialog@1.1.2
+-- @radix-ui/react-dropdown-menu@2.1.2
+-- @radix-ui/react-hover-card@1.1.2
+-- @radix-ui/react-label@2.1.0
+-- @radix-ui/react-menubar@1.1.2
+-- @radix-ui/react-navigation-menu@1.2.1
+-- @radix-ui/react-popover@1.1.2
+-- @radix-ui/react-progress@1.1.0
+-- @radix-ui/react-radio-group@1.2.1
+-- @radix-ui/react-scroll-area@1.2.1
+-- @radix-ui/react-select@2.1.2
+-- @radix-ui/react-separator@1.1.0
+-- @radix-ui/react-slider@1.2.1
+-- @radix-ui/react-slot@1.1.0
+-- @radix-ui/react-switch@1.1.1
+-- @radix-ui/react-tabs@1.1.1
+-- @radix-ui/react-toast@1.2.2
+-- @radix-ui/react-toggle@1.1.0
+-- @radix-ui/react-tooltip@1.1.4
+-- @supabase/auth-helpers-nextjs@0.8.7
+-- @supabase/ssr@0.0.10
+-- @supabase/supabase-js@2.46.1
+-- @types/diff@5.2.3
+-- @types/node@20.17.6
+-- @types/pg@8.11.10
+-- @types/react-dom@18.3.1
+-- @types/react@18.3.12
+-- @uiw/react-md-editor@4.0.4
+-- autoprefixer@10.4.20
+-- axios@1.7.7
+-- babel-loader@9.2.1
+-- babel-plugin-direct-import@1.0.0
+-- babel-plugin-transform-remove-console@6.9.4
+-- class-variance-authority@0.7.0
+-- clsx@2.1.1
+-- core-js@3.39.0
+-- diff@5.2.0
+-- dotenv@16.4.5
+-- drizzle-kit@0.20.18
+-- drizzle-orm@0.29.5
+-- eslint-config-next@14.0.3
+-- eslint@8.57.1
+-- lucide-react@0.292.0
+-- next-themes@0.2.1
+-- next@14.0.3
+-- pg@8.13.1
+-- postcss@8.4.49
+-- postgres@3.4.5
+-- react-dom@18.2.0
+-- react-hook-form@7.53.2
+-- react@18.2.0
+-- tailwind-merge@2.5.4
+-- tailwindcss-animate@1.0.7
+-- tailwindcss@3.4.15
+-- tsx@4.19.2
+-- typescript@5.6.3
`-- zod@3.23.8


================================================================================
